2021-04-09 07:26:47 INFO  Hooks[1]:63 - Opening website http://automationpractice.com/index.php
2021-04-09 07:26:48 INFO  Hooks[1]:75 - Browser closed!
2021-04-09 07:27:37 INFO  Hooks[1]:63 - Opening website http://automationpractice.com/index.php
2021-04-09 07:27:38 INFO  Hooks[1]:75 - Browser closed!
2021-04-09 07:28:38 INFO  Hooks[1]:63 - Opening website http://automationpractice.com/index.php
2021-04-09 07:28:38 INFO  Hooks[1]:75 - Browser closed!
2021-04-09 07:31:05 INFO  Hooks[1]:61 - Opening website http://automationpractice.com/index.php
2021-04-09 07:38:53 INFO  Hooks[1]:62 - Opening website http://automationpractice.com/index.php
2021-04-09 07:46:35 INFO  Hooks[1]:62 - Opening website http://automationpractice.com/index.php
2021-04-09 11:43:03 INFO  Hooks[1]:62 - Opening website http://automationpractice.com/index.php
2021-04-09 11:49:26 INFO  Hooks[1]:62 - Opening website http://automationpractice.com/index.php
2021-04-09 12:31:15 INFO  Hooks[1]:62 - Opening website http://automationpractice.com/index.php
2021-04-09 12:35:18 INFO  Hooks[1]:62 - Opening website http://automationpractice.com/index.php
2021-04-09 12:40:27 INFO  Hooks[1]:62 - Opening website http://automationpractice.com/index.php
2021-04-09 13:03:55 INFO  Hooks[1]:62 - Opening website http://automationpractice.com/index.php
2021-04-09 13:04:03 INFO  Hooks[1]:62 - Opening website http://automationpractice.com/index.php
2021-04-09 13:04:08 INFO  Hooks[1]:62 - Opening website http://automationpractice.com/index.php
2021-04-09 13:04:13 INFO  Hooks[1]:62 - Opening website http://automationpractice.com/index.php
2021-04-09 13:05:36 INFO  Hooks[1]:62 - Opening website http://automationpractice.com/index.php
2021-04-09 13:05:43 INFO  Hooks[1]:62 - Opening website http://automationpractice.com/index.php
2021-04-09 13:05:48 INFO  Hooks[1]:62 - Opening website http://automationpractice.com/index.php
2021-04-09 13:18:33 INFO  Hooks[1]:60 - Opening website http://automationpractice.com/index.php
2021-04-09 13:18:35 INFO  PageIngreso[1]:14 - standard_user
2021-04-09 13:18:35 ERROR PageIngreso[1]:15 - standard_user
2021-04-09 13:18:40 INFO  Hooks[1]:60 - Opening website http://automationpractice.com/index.php
2021-04-09 13:18:45 INFO  Hooks[1]:60 - Opening website http://automationpractice.com/index.php
2021-04-09 15:31:50 INFO  Hooks[1]:60 - Opening website http://automationpractice.com/index.php
2021-04-09 15:31:53 INFO  Hooks[1]:60 - Opening website http://automationpractice.com/index.php
2021-04-09 15:31:55 INFO  Hooks[1]:60 - Opening website http://automationpractice.com/index.php
2021-04-09 15:31:57 INFO  Hooks[1]:60 - Opening website http://automationpractice.com/index.php
2021-04-09 15:36:06 INFO  Hooks[1]:60 - Opening website http://automationpractice.com/index.php
2021-04-09 15:50:16 INFO  Hooks[1]:59 - Opening website https://www.saucedemo.com/
2021-04-09 15:50:18 INFO  Hooks[1]:71 - Browser closed!
2021-04-09 15:57:01 INFO  Hooks[1]:59 - Opening website https://www.saucedemo.com/
2021-04-09 15:57:02 INFO  Hooks[1]:71 - Browser closed!
2021-04-09 15:57:50 INFO  Hooks[1]:59 - Opening website https://www.saucedemo.com/
2021-04-09 15:58:16 INFO  Hooks[1]:59 - Opening website https://www.saucedemo.com/
2021-04-09 16:00:25 INFO  Hooks[1]:59 - Opening website https://www.saucedemo.com/
2021-04-09 16:16:38 INFO  Hooks[1]:59 - Opening website https://www.saucedemo.com/
2021-04-09 16:26:14 INFO  Hooks[1]:59 - Opening website https://www.saucedemo.com/
2021-04-09 16:34:52 INFO  Hooks[1]:59 - Opening website https://www.saucedemo.com/
2021-04-09 16:42:45 INFO  Hooks[1]:59 - Opening website https://www.saucedemo.com/
2021-04-09 16:57:06 INFO  Hooks[1]:59 - Opening website https://www.saucedemo.com/
2021-04-09 17:02:28 INFO  Hooks[1]:59 - Opening website https://www.saucedemo.com/
2021-04-09 17:42:24 INFO  Hooks[1]:59 - Opening website https://www.saucedemo.com/
2021-04-09 17:44:04 INFO  Hooks[1]:59 - Opening website https://www.saucedemo.com/
2021-04-09 17:46:22 INFO  Hooks[1]:59 - Opening website https://www.saucedemo.com/
2021-04-09 17:46:24 INFO  Hooks[1]:59 - Opening website https://www.saucedemo.com/
2021-04-09 17:46:26 INFO  Hooks[1]:59 - Opening website https://www.saucedemo.com/
2021-04-09 17:46:28 INFO  Hooks[1]:59 - Opening website https://www.saucedemo.com/
2021-04-09 18:02:42 INFO  Hooks[1]:59 - Opening website https://www.saucedemo.com/
2021-04-09 18:02:44 INFO  Hooks[1]:59 - Opening website https://www.saucedemo.com/
2021-04-09 18:02:46 INFO  Hooks[1]:59 - Opening website https://www.saucedemo.com/
2021-04-09 18:02:48 INFO  Hooks[1]:59 - Opening website https://www.saucedemo.com/
2021-04-09 18:04:02 INFO  Hooks[1]:59 - Opening website https://www.saucedemo.com/
2021-04-09 18:12:40 INFO  Hooks[1]:59 - Opening website https://www.saucedemo.com/
2021-04-09 18:18:34 INFO  Hooks[1]:59 - Opening website https://www.saucedemo.com/
2021-04-09 18:21:48 INFO  Hooks[1]:59 - Opening website https://www.saucedemo.com/
2021-04-09 18:29:43 INFO  Hooks[1]:59 - Opening website https://www.saucedemo.com/
2021-04-09 20:07:39 INFO  Hooks[1]:59 - Opening website https://www.saucedemo.com/
2021-04-09 20:29:34 INFO  Hooks[1]:59 - Opening website https://www.saucedemo.com/
2021-04-09 21:05:29 INFO  Hooks[1]:59 - Opening website https://www.saucedemo.com/
2021-04-09 21:05:53 INFO  Hooks[1]:59 - Opening website https://www.saucedemo.com/
2021-04-09 21:06:00 INFO  Hooks[1]:59 - Opening website https://www.saucedemo.com/
2021-04-09 21:06:07 INFO  Hooks[1]:59 - Opening website https://www.saucedemo.com/
2021-04-09 21:06:14 INFO  Hooks[1]:59 - Opening website https://www.saucedemo.com/
2021-04-09 21:08:58 INFO  Hooks[1]:59 - Opening website https://www.saucedemo.com/
2021-04-09 21:22:56 INFO  Hooks[1]:59 - Opening website https://www.saucedemo.com/
2021-04-09 21:58:38 INFO  Hooks[1]:59 - Opening website https://www.saucedemo.com/
2021-04-09 21:58:44 INFO  Hooks[1]:59 - Opening website https://www.saucedemo.com/
2021-04-09 22:23:24 INFO  Hooks[1]:59 - Opening website https://www.saucedemo.com/
2021-04-09 22:23:28 INFO  Hooks[1]:59 - Opening website https://www.saucedemo.com/
2021-04-09 22:23:30 INFO  Hooks[1]:59 - Opening website https://www.saucedemo.com/
2021-04-09 22:24:34 INFO  Hooks[1]:59 - Opening website https://www.saucedemo.com/
2021-04-09 22:24:38 INFO  Hooks[1]:59 - Opening website https://www.saucedemo.com/
2021-04-09 22:28:42 INFO  Hooks[1]:59 - Opening website https://www.saucedemo.com/
2021-04-09 22:28:46 INFO  Hooks[1]:59 - Opening website https://www.saucedemo.com/
2021-04-09 22:30:03 INFO  Hooks[1]:59 - Opening website https://www.saucedemo.com/
2021-04-09 22:30:07 INFO  Hooks[1]:59 - Opening website https://www.saucedemo.com/
2021-04-09 22:32:31 INFO  Hooks[1]:59 - Opening website https://www.saucedemo.com/
2021-04-09 22:32:35 INFO  Hooks[1]:59 - Opening website https://www.saucedemo.com/
2021-04-09 22:32:38 INFO  Hooks[1]:59 - Opening website https://www.saucedemo.com/
2021-04-09 22:34:14 INFO  Hooks[1]:59 - Opening website https://www.saucedemo.com/
2021-04-09 22:34:18 INFO  Hooks[1]:59 - Opening website https://www.saucedemo.com/
2021-04-09 22:35:20 INFO  Hooks[1]:59 - Opening website https://www.saucedemo.com/
2021-04-09 22:35:24 INFO  Hooks[1]:59 - Opening website https://www.saucedemo.com/
2021-04-09 22:35:30 INFO  Hooks[1]:59 - Opening website https://www.saucedemo.com/
2021-04-09 22:36:24 INFO  Hooks[1]:59 - Opening website https://www.saucedemo.com/
2021-04-09 22:36:28 INFO  Hooks[1]:59 - Opening website https://www.saucedemo.com/
2021-04-09 22:36:31 INFO  Hooks[1]:59 - Opening website https://www.saucedemo.com/
2021-04-09 22:37:14 INFO  Hooks[1]:59 - Opening website https://www.saucedemo.com/
2021-04-09 22:37:18 INFO  Hooks[1]:59 - Opening website https://www.saucedemo.com/
2021-04-09 22:37:21 INFO  Hooks[1]:59 - Opening website https://www.saucedemo.com/
2021-04-09 22:39:08 INFO  Hooks[1]:59 - Opening website https://www.saucedemo.com/
2021-04-09 22:39:12 INFO  Hooks[1]:59 - Opening website https://www.saucedemo.com/
2021-04-09 22:39:16 INFO  Hooks[1]:59 - Opening website https://www.saucedemo.com/
2021-04-09 22:44:02 INFO  Hooks[1]:59 - Opening website https://www.saucedemo.com/
2021-04-09 22:44:06 INFO  Hooks[1]:59 - Opening website https://www.saucedemo.com/
2021-04-09 22:44:10 INFO  Hooks[1]:59 - Opening website https://www.saucedemo.com/
2021-04-09 22:48:57 INFO  Hooks[1]:59 - Opening website https://www.saucedemo.com/
2021-04-09 22:49:01 INFO  Hooks[1]:59 - Opening website https://www.saucedemo.com/
2021-04-09 22:49:04 INFO  Hooks[1]:59 - Opening website https://www.saucedemo.com/
2021-04-09 22:51:02 INFO  Hooks[1]:59 - Opening website https://www.saucedemo.com/
2021-04-09 22:51:06 INFO  Hooks[1]:59 - Opening website https://www.saucedemo.com/
2021-04-09 22:51:09 INFO  Hooks[1]:59 - Opening website https://www.saucedemo.com/
2021-04-09 22:55:48 INFO  Hooks[1]:59 - Opening website https://www.saucedemo.com/
2021-04-09 22:55:52 INFO  Hooks[1]:59 - Opening website https://www.saucedemo.com/
2021-04-09 22:55:55 INFO  Hooks[1]:59 - Opening website https://www.saucedemo.com/
2021-04-09 23:00:24 INFO  Hooks[1]:59 - Opening website https://www.saucedemo.com/
2021-04-09 23:00:29 INFO  Hooks[1]:59 - Opening website https://www.saucedemo.com/
2021-04-09 23:00:32 INFO  Hooks[1]:59 - Opening website https://www.saucedemo.com/
2021-04-09 23:05:08 INFO  Hooks[1]:59 - Opening website https://www.saucedemo.com/
2021-04-09 23:05:12 INFO  Hooks[1]:59 - Opening website https://www.saucedemo.com/
2021-04-09 23:05:15 INFO  Hooks[1]:59 - Opening website https://www.saucedemo.com/
2021-04-09 23:07:29 INFO  Hooks[1]:59 - Opening website https://www.saucedemo.com/
2021-04-09 23:07:33 INFO  Hooks[1]:59 - Opening website https://www.saucedemo.com/
2021-04-09 23:10:55 INFO  Hooks[1]:58 - Opening website https://www.saucedemo.com/
2021-04-09 23:10:58 INFO  Hooks[1]:70 - Browser closed!
2021-04-09 23:11:00 INFO  Hooks[1]:58 - Opening website https://www.saucedemo.com/
2021-04-09 23:11:02 INFO  Hooks[1]:70 - Browser closed!
2021-04-11 20:31:14 INFO  Hooks[1]:58 - Opening website https://www.saucedemo.com/
2021-04-11 20:31:20 INFO  Hooks[1]:70 - Browser closed!
2021-04-11 20:31:23 INFO  Hooks[1]:58 - Opening website https://www.saucedemo.com/
2021-04-11 20:31:26 INFO  Hooks[1]:70 - Browser closed!
2021-04-11 20:33:16 INFO  Hooks[1]:58 - Opening website https://www.saucedemo.com/
2021-04-11 20:33:25 INFO  Hooks[1]:58 - Opening website https://www.saucedemo.com/
2021-04-11 20:34:55 INFO  Hooks[1]:58 - Opening website https://www.saucedemo.com/
2021-04-11 20:34:59 INFO  Hooks[1]:70 - Browser closed!
2021-04-11 20:37:06 INFO  Hooks[1]:58 - Opening website https://www.saucedemo.com/
2021-04-11 20:37:11 INFO  Hooks[1]:70 - Browser closed!
2021-04-11 20:37:13 INFO  Hooks[1]:58 - Opening website https://www.saucedemo.com/
2021-04-11 20:37:16 INFO  Hooks[1]:70 - Browser closed!
2021-04-11 20:47:47 INFO  Hooks[1]:58 - Opening website https://www.saucedemo.com/
2021-04-11 20:47:51 INFO  Hooks[1]:70 - Browser closed!
2021-04-11 20:47:54 INFO  Hooks[1]:58 - Opening website https://www.saucedemo.com/
2021-04-11 20:47:58 INFO  Hooks[1]:70 - Browser closed!
2021-04-11 20:50:25 INFO  Hooks[1]:58 - Opening website https://www.saucedemo.com/
2021-04-11 20:50:28 INFO  Hooks[1]:70 - Browser closed!
2021-04-11 20:50:30 INFO  Hooks[1]:58 - Opening website https://www.saucedemo.com/
2021-04-11 20:50:33 INFO  Hooks[1]:70 - Browser closed!
2021-04-11 20:57:37 INFO  Hooks[1]:58 - Opening website https://www.saucedemo.com/
2021-04-11 20:57:40 INFO  Hooks[1]:70 - Browser closed!
2021-04-11 20:57:43 INFO  Hooks[1]:58 - Opening website https://www.saucedemo.com/
2021-04-11 20:57:45 INFO  Hooks[1]:70 - Browser closed!
2021-04-11 21:00:22 INFO  Hooks[1]:58 - Opening website https://www.saucedemo.com/
2021-04-11 21:00:25 INFO  Hooks[1]:70 - Browser closed!
2021-04-11 21:00:28 INFO  Hooks[1]:58 - Opening website https://www.saucedemo.com/
2021-04-11 21:00:30 INFO  Hooks[1]:70 - Browser closed!
2021-04-11 21:02:16 INFO  Hooks[1]:58 - Opening website https://www.saucedemo.com/
2021-04-11 21:02:21 INFO  Hooks[1]:70 - Browser closed!
2021-04-11 21:02:24 INFO  Hooks[1]:58 - Opening website https://www.saucedemo.com/
2021-04-11 21:02:26 INFO  Hooks[1]:70 - Browser closed!
2021-04-11 21:03:39 INFO  Hooks[1]:58 - Opening website https://www.saucedemo.com/
2021-04-11 21:03:42 INFO  Hooks[1]:70 - Browser closed!
2021-04-11 21:03:45 INFO  Hooks[1]:58 - Opening website https://www.saucedemo.com/
2021-04-11 21:03:47 INFO  Hooks[1]:70 - Browser closed!
2021-04-11 21:10:29 INFO  Hooks[1]:58 - Opening website https://www.saucedemo.com/
2021-04-11 21:10:32 INFO  Hooks[1]:70 - Browser closed!
2021-04-11 21:10:35 INFO  Hooks[1]:58 - Opening website https://www.saucedemo.com/
2021-04-11 21:10:37 INFO  Hooks[1]:70 - Browser closed!
2021-04-11 21:18:23 INFO  Hooks[1]:58 - Opening website https://www.saucedemo.com/
2021-04-11 21:18:27 INFO  Hooks[1]:70 - Browser closed!
2021-04-11 21:18:31 INFO  Hooks[1]:58 - Opening website https://www.saucedemo.com/
2021-04-11 21:18:33 INFO  Hooks[1]:70 - Browser closed!
2021-04-11 21:19:14 INFO  Hooks[1]:58 - Opening website https://www.saucedemo.com/
2021-04-11 21:19:17 INFO  Hooks[1]:70 - Browser closed!
2021-04-11 21:19:22 INFO  Hooks[1]:58 - Opening website https://www.saucedemo.com/
2021-04-11 21:19:24 INFO  Hooks[1]:70 - Browser closed!
2021-04-11 21:35:56 INFO  Hooks[1]:58 - Opening website https://www.saucedemo.com/
2021-04-11 21:36:02 INFO  Hooks[1]:70 - Browser closed!
2021-04-11 21:36:05 INFO  Hooks[1]:58 - Opening website https://www.saucedemo.com/
2021-04-11 21:36:07 INFO  Hooks[1]:70 - Browser closed!
2021-04-11 21:42:31 INFO  Hooks[1]:58 - Opening website https://www.saucedemo.com/
2021-04-11 21:42:33 INFO  Hooks[1]:70 - Browser closed!
2021-04-11 21:42:35 INFO  Hooks[1]:58 - Opening website https://www.saucedemo.com/
2021-04-11 21:42:37 INFO  Hooks[1]:70 - Browser closed!
2021-04-11 21:45:20 INFO  Hooks[1]:58 - Opening website https://www.saucedemo.com/
2021-04-11 21:45:22 INFO  Hooks[1]:70 - Browser closed!
2021-04-11 21:45:24 INFO  Hooks[1]:58 - Opening website https://www.saucedemo.com/
2021-04-11 21:45:26 INFO  Hooks[1]:70 - Browser closed!
2021-04-11 21:48:36 INFO  Hooks[1]:58 - Opening website https://www.saucedemo.com/
2021-04-11 21:48:38 INFO  Hooks[1]:70 - Browser closed!
2021-04-11 21:48:40 INFO  Hooks[1]:58 - Opening website https://www.saucedemo.com/
2021-04-11 21:48:42 INFO  Hooks[1]:70 - Browser closed!
2021-04-11 21:49:25 INFO  Hooks[1]:58 - Opening website https://www.saucedemo.com/
2021-04-11 21:49:28 INFO  Hooks[1]:70 - Browser closed!
2021-04-11 21:49:29 INFO  Hooks[1]:58 - Opening website https://www.saucedemo.com/
2021-04-11 21:49:31 INFO  Hooks[1]:70 - Browser closed!
2021-04-11 21:59:17 INFO  Hooks[1]:58 - Opening website https://www.saucedemo.com/
2021-04-11 21:59:19 INFO  Hooks[1]:70 - Browser closed!
2021-04-11 22:01:09 INFO  Hooks[1]:58 - Opening website https://www.saucedemo.com/
2021-04-11 22:01:11 INFO  Hooks[1]:70 - Browser closed!
2021-04-11 22:02:08 INFO  Hooks[1]:58 - Opening website https://www.saucedemo.com/
2021-04-11 22:02:10 INFO  Hooks[1]:70 - Browser closed!
2021-04-11 22:03:02 INFO  Hooks[1]:58 - Opening website https://www.saucedemo.com/
2021-04-11 22:03:04 INFO  Hooks[1]:70 - Browser closed!
2021-04-11 22:03:37 INFO  Hooks[1]:58 - Opening website https://www.saucedemo.com/
2021-04-11 22:03:40 INFO  Hooks[1]:70 - Browser closed!
2021-04-11 22:04:00 INFO  Hooks[1]:58 - Opening website https://www.saucedemo.com/
2021-04-11 22:04:02 INFO  Hooks[1]:70 - Browser closed!
2021-04-11 22:04:41 INFO  Hooks[1]:58 - Opening website https://www.saucedemo.com/
2021-04-11 22:04:43 INFO  Hooks[1]:70 - Browser closed!
2021-04-11 22:05:13 INFO  Hooks[1]:58 - Opening website https://www.saucedemo.com/
2021-04-11 22:05:15 INFO  Hooks[1]:70 - Browser closed!
2021-04-11 22:08:21 INFO  Hooks[1]:58 - Opening website https://www.saucedemo.com/
2021-04-11 22:08:23 INFO  Hooks[1]:70 - Browser closed!
2021-04-11 22:19:00 INFO  Hooks[1]:58 - Opening website https://www.saucedemo.com/
2021-04-11 22:19:03 INFO  Hooks[1]:70 - Browser closed!
2021-04-12 10:46:25 INFO  Hooks[1]:58 - Opening website https://www.saucedemo.com/
2021-04-12 10:48:14 INFO  Hooks[1]:58 - Opening website https://www.saucedemo.com/
2021-04-12 10:49:43 INFO  Hooks[1]:70 - Browser closed!
2021-04-12 10:50:59 INFO  Hooks[1]:58 - Opening website https://www.saucedemo.com/
2021-04-12 10:51:45 INFO  Hooks[1]:58 - Opening website https://www.saucedemo.com/
2021-04-12 10:53:05 INFO  Hooks[1]:58 - Opening website https://www.saucedemo.com/
2021-04-12 11:10:10 INFO  Hooks[1]:58 - Opening website https://www.saucedemo.com/
2021-04-12 11:10:42 INFO  Hooks[1]:58 - Opening website https://www.saucedemo.com/
2021-04-12 11:12:13 INFO  Hooks[1]:58 - Opening website https://www.saucedemo.com/
2021-04-12 11:29:00 INFO  Hooks[1]:58 - Opening website https://www.saucedemo.com/
2021-04-12 11:32:23 INFO  Hooks[1]:58 - Opening website https://www.saucedemo.com/
2021-04-12 11:33:09 INFO  Hooks[1]:58 - Opening website https://www.saucedemo.com/
2021-04-12 11:34:42 INFO  Hooks[1]:58 - Opening website https://www.saucedemo.com/
2021-04-12 11:35:38 INFO  Hooks[1]:58 - Opening website https://www.saucedemo.com/
2021-04-12 11:38:49 INFO  Hooks[1]:58 - Opening website https://www.saucedemo.com/
2021-04-12 11:42:27 INFO  Hooks[1]:58 - Opening website https://www.saucedemo.com/
2021-04-12 11:43:00 INFO  Hooks[1]:58 - Opening website https://www.saucedemo.com/
2021-04-12 11:45:41 INFO  Hooks[1]:58 - Opening website https://www.saucedemo.com/
2021-04-12 17:01:01 INFO  Hooks[1]:58 - Opening website https://www.saucedemo.com/
2021-04-12 17:02:50 INFO  Hooks[1]:58 - Opening website https://www.saucedemo.com/
2021-04-12 17:03:02 INFO  Hooks[1]:58 - Opening website https://www.saucedemo.com/
2021-04-12 17:03:20 INFO  Hooks[1]:58 - Opening website https://www.saucedemo.com/
2021-04-12 17:03:33 INFO  Hooks[1]:58 - Opening website https://www.saucedemo.com/
2021-04-12 17:03:48 INFO  Hooks[1]:58 - Opening website https://www.saucedemo.com/
2021-04-12 17:04:04 INFO  Hooks[1]:58 - Opening website https://www.saucedemo.com/
2021-04-12 17:04:53 INFO  Hooks[1]:58 - Opening website https://www.saucedemo.com/
2021-04-12 17:05:08 INFO  Hooks[1]:58 - Opening website https://www.saucedemo.com/
2021-04-12 17:05:21 INFO  Hooks[1]:58 - Opening website https://www.saucedemo.com/
2021-04-12 17:05:33 INFO  Hooks[1]:58 - Opening website https://www.saucedemo.com/
2021-04-12 17:05:47 INFO  Hooks[1]:58 - Opening website https://www.saucedemo.com/
2021-04-12 17:06:00 INFO  Hooks[1]:58 - Opening website https://www.saucedemo.com/
2021-04-12 17:06:12 INFO  Hooks[1]:58 - Opening website https://www.saucedemo.com/
2021-04-12 17:06:51 INFO  Hooks[1]:58 - Opening website https://www.saucedemo.com/
2021-04-12 17:08:27 INFO  Hooks[1]:58 - Opening website https://www.saucedemo.com/
2021-04-12 17:08:45 INFO  Hooks[1]:58 - Opening website https://www.saucedemo.com/
2021-04-12 17:09:03 INFO  Hooks[1]:58 - Opening website https://www.saucedemo.com/
2021-04-12 17:09:44 INFO  Hooks[1]:58 - Opening website https://www.saucedemo.com/
2021-04-12 17:10:00 INFO  Hooks[1]:58 - Opening website https://www.saucedemo.com/
2021-04-12 17:10:10 INFO  Hooks[1]:58 - Opening website https://www.saucedemo.com/
2021-04-12 17:10:21 INFO  Hooks[1]:58 - Opening website https://www.saucedemo.com/
2021-04-12 17:10:34 INFO  Hooks[1]:58 - Opening website https://www.saucedemo.com/
2021-04-12 17:10:45 INFO  Hooks[1]:58 - Opening website https://www.saucedemo.com/
2021-04-12 17:10:58 INFO  Hooks[1]:58 - Opening website https://www.saucedemo.com/
2021-04-12 17:11:12 INFO  Hooks[1]:58 - Opening website https://www.saucedemo.com/
2021-04-12 17:11:24 INFO  Hooks[1]:58 - Opening website https://www.saucedemo.com/
2021-04-12 17:11:42 INFO  Hooks[1]:58 - Opening website https://www.saucedemo.com/
2021-04-12 20:52:58 INFO  Hooks[1]:58 - Opening website https://www.saucedemo.com/
2021-04-12 20:54:02 INFO  Hooks[1]:58 - Opening website https://www.saucedemo.com/
2021-04-12 20:54:14 INFO  Hooks[1]:58 - Opening website https://www.saucedemo.com/
2021-04-12 20:54:30 INFO  Hooks[1]:58 - Opening website https://www.saucedemo.com/
2021-04-12 20:54:41 INFO  Hooks[1]:58 - Opening website https://www.saucedemo.com/
2021-04-12 20:54:54 INFO  Hooks[1]:58 - Opening website https://www.saucedemo.com/
2021-04-12 20:55:07 INFO  Hooks[1]:58 - Opening website https://www.saucedemo.com/
2021-04-12 20:55:21 INFO  Hooks[1]:58 - Opening website https://www.saucedemo.com/
2021-04-12 21:02:57 INFO  Hooks[1]:58 - Opening website https://www.saucedemo.com/
2021-04-12 21:03:43 INFO  Hooks[1]:58 - Opening website https://www.saucedemo.com/
2021-04-12 21:04:45 INFO  Hooks[1]:58 - Opening website https://www.saucedemo.com/
2021-04-12 21:07:07 INFO  Hooks[1]:58 - Opening website https://www.saucedemo.com/
2021-04-12 21:10:24 INFO  Hooks[1]:58 - Opening website https://www.saucedemo.com/
2021-04-12 21:13:35 INFO  Hooks[1]:58 - Opening website https://www.saucedemo.com/
2021-04-12 21:14:35 INFO  Hooks[1]:58 - Opening website https://www.saucedemo.com/
2021-04-12 21:18:03 INFO  Hooks[1]:58 - Opening website https://www.saucedemo.com/
2021-04-12 21:20:35 INFO  Hooks[1]:58 - Opening website https://www.saucedemo.com/
2021-04-12 21:21:40 INFO  Hooks[1]:58 - Opening website https://www.saucedemo.com/
2021-04-12 21:23:55 INFO  Hooks[1]:58 - Opening website https://www.saucedemo.com/
2021-04-12 21:24:08 INFO  Hooks[1]:58 - Opening website https://www.saucedemo.com/
2021-04-12 21:24:19 INFO  Hooks[1]:58 - Opening website https://www.saucedemo.com/
2021-04-12 21:24:35 INFO  Hooks[1]:58 - Opening website https://www.saucedemo.com/
2021-04-12 21:24:58 INFO  Hooks[1]:58 - Opening website https://www.saucedemo.com/
2021-04-12 21:25:09 INFO  Hooks[1]:58 - Opening website https://www.saucedemo.com/
2021-04-12 21:25:20 INFO  Hooks[1]:58 - Opening website https://www.saucedemo.com/
2021-04-12 21:25:31 INFO  Hooks[1]:58 - Opening website https://www.saucedemo.com/
2021-04-12 21:25:45 INFO  Hooks[1]:58 - Opening website https://www.saucedemo.com/
2021-04-12 21:26:00 INFO  Hooks[1]:58 - Opening website https://www.saucedemo.com/
2021-04-12 21:26:12 INFO  Hooks[1]:58 - Opening website https://www.saucedemo.com/
2021-04-12 21:26:23 INFO  Hooks[1]:58 - Opening website https://www.saucedemo.com/
2021-04-12 21:26:34 INFO  Hooks[1]:58 - Opening website https://www.saucedemo.com/
2021-04-12 21:26:48 INFO  Hooks[1]:58 - Opening website https://www.saucedemo.com/
2021-04-12 21:27:01 INFO  Hooks[1]:58 - Opening website https://www.saucedemo.com/
2021-04-12 21:27:11 INFO  Hooks[1]:58 - Opening website https://www.saucedemo.com/
2021-04-12 21:27:27 INFO  Hooks[1]:58 - Opening website https://www.saucedemo.com/
2021-04-12 21:29:24 INFO  Hooks[1]:58 - Opening website https://www.saucedemo.com/
2021-04-12 21:29:50 INFO  Hooks[1]:58 - Opening website https://www.saucedemo.com/
2021-04-12 21:30:59 INFO  Hooks[1]:58 - Opening website https://www.saucedemo.com/
2021-04-12 21:32:46 INFO  Hooks[1]:58 - Opening website https://www.saucedemo.com/
2021-04-12 21:33:32 INFO  Hooks[1]:58 - Opening website https://www.saucedemo.com/
2021-04-12 21:35:54 INFO  Hooks[1]:58 - Opening website https://www.saucedemo.com/
2021-04-12 21:39:27 INFO  Hooks[1]:58 - Opening website https://www.saucedemo.com/
2021-04-12 21:40:33 INFO  Hooks[1]:58 - Opening website https://www.saucedemo.com/
2021-04-12 21:41:54 INFO  Hooks[1]:58 - Opening website https://www.saucedemo.com/
2021-04-12 21:42:15 INFO  Hooks[1]:58 - Opening website https://www.saucedemo.com/
2021-04-12 21:46:35 INFO  Hooks[1]:58 - Opening website https://www.saucedemo.com/
2021-04-12 21:51:26 INFO  Hooks[1]:58 - Opening website https://www.saucedemo.com/
2021-04-12 21:51:32 INFO  Hooks[1]:58 - Opening website https://www.saucedemo.com/
2021-04-12 21:53:03 INFO  Hooks[1]:58 - Opening website https://www.saucedemo.com/
2021-04-12 21:53:09 INFO  Hooks[1]:58 - Opening website https://www.saucedemo.com/
2021-04-12 21:53:24 INFO  Hooks[1]:58 - Opening website https://www.saucedemo.com/
2021-04-12 21:53:35 INFO  Hooks[1]:58 - Opening website https://www.saucedemo.com/
2021-04-12 21:56:02 INFO  Hooks[1]:58 - Opening website https://www.saucedemo.com/
2021-04-12 21:57:13 INFO  Hooks[1]:58 - Opening website https://www.saucedemo.com/
2021-04-12 22:03:19 INFO  Hooks[1]:58 - Opening website https://www.saucedemo.com/
2021-04-12 22:03:51 INFO  Hooks[1]:58 - Opening website https://www.saucedemo.com/
2021-04-12 22:04:13 INFO  Hooks[1]:58 - Opening website https://www.saucedemo.com/
2021-04-12 22:04:53 INFO  Hooks[1]:58 - Opening website https://www.saucedemo.com/
2021-04-12 22:10:10 INFO  Hooks[1]:56 - Opening website https://www.saucedemo.com/
2021-04-12 22:10:16 INFO  Hooks[1]:56 - Opening website https://www.saucedemo.com/
2021-04-12 22:10:45 INFO  Hooks[1]:56 - Opening website https://www.saucedemo.com/
2021-04-12 22:10:52 INFO  Hooks[1]:56 - Opening website https://www.saucedemo.com/
2021-04-12 22:11:28 INFO  Hooks[1]:56 - Opening website https://www.saucedemo.com/
2021-04-12 22:11:35 INFO  Hooks[1]:56 - Opening website https://www.saucedemo.com/
2021-04-12 22:11:50 INFO  Hooks[1]:56 - Opening website https://www.saucedemo.com/
2021-04-12 22:11:56 INFO  Hooks[1]:56 - Opening website https://www.saucedemo.com/
2021-04-12 22:14:17 INFO  Hooks[1]:56 - Opening website https://www.saucedemo.com/
2021-04-12 22:14:22 INFO  Hooks[1]:56 - Opening website https://www.saucedemo.com/
2021-04-12 22:15:34 INFO  Hooks[1]:56 - Opening website https://www.saucedemo.com/
2021-04-12 22:15:40 INFO  Hooks[1]:56 - Opening website https://www.saucedemo.com/
2021-04-12 22:17:11 INFO  Hooks[1]:56 - Opening website https://www.saucedemo.com/
2021-04-12 22:17:19 INFO  Hooks[1]:56 - Opening website https://www.saucedemo.com/
2021-04-12 22:18:13 INFO  Hooks[1]:56 - Opening website https://www.saucedemo.com/
2021-04-12 22:18:18 INFO  Hooks[1]:68 - Browser closed!
2021-04-12 22:18:20 INFO  Hooks[1]:56 - Opening website https://www.saucedemo.com/
2021-04-12 22:18:22 INFO  Hooks[1]:68 - Browser closed!
2023-06-22 06:23:50 INFO  Hooks[1]:56 - Opening website https://www.saucedemo.com/
2023-06-22 06:23:55 INFO  Hooks[1]:68 - Browser closed!
2023-06-22 06:24:04 INFO  Hooks[1]:56 - Opening website https://www.saucedemo.com/
2023-06-22 06:24:09 INFO  Hooks[1]:68 - Browser closed!
2023-06-22 07:09:35 INFO  Hooks[1]:56 - Opening website https://www.saucedemo.com/
2023-06-22 07:09:37 INFO  Hooks[1]:68 - Browser closed!
2023-06-22 07:09:43 INFO  Hooks[1]:56 - Opening website https://www.saucedemo.com/
2023-06-22 07:09:44 INFO  Hooks[1]:68 - Browser closed!
2023-06-22 07:10:06 INFO  Hooks[1]:56 - Opening website https://www.saucedemo.com/
2023-06-22 07:10:09 INFO  Hooks[1]:68 - Browser closed!
2023-06-22 07:10:15 INFO  Hooks[1]:56 - Opening website https://www.saucedemo.com/
2023-06-22 07:10:18 INFO  Hooks[1]:68 - Browser closed!
2023-06-22 07:11:00 INFO  Hooks[1]:56 - Opening website https://www.saucedemo.com/
2023-06-22 07:11:03 INFO  Hooks[1]:68 - Browser closed!
2023-06-22 07:11:09 INFO  Hooks[1]:56 - Opening website https://www.saucedemo.com/
2023-06-22 07:11:12 INFO  Hooks[1]:68 - Browser closed!
2023-06-22 09:49:57 INFO  Hooks[1]:56 - Opening website https://www.saucedemo.com/
2023-06-22 09:49:59 INFO  Hooks[1]:68 - Browser closed!
2023-06-22 09:50:05 INFO  Hooks[1]:56 - Opening website https://www.saucedemo.com/
2023-06-22 09:50:07 INFO  Hooks[1]:68 - Browser closed!
2023-06-22 10:07:03 INFO  Hooks[1]:56 - Opening website https://www.saucedemo.com/
2023-06-22 10:07:06 INFO  Hooks[1]:68 - Browser closed!
2023-06-22 10:07:11 INFO  Hooks[1]:56 - Opening website https://www.saucedemo.com/
2023-06-22 10:07:13 INFO  Hooks[1]:68 - Browser closed!
2023-06-22 10:47:51 INFO  com.sura.saucedemo.stepdefinitions.Hooks[1]:56 - Opening website https://www.saucedemo.com/
2023-06-22 10:47:53 INFO  com.sura.saucedemo.stepdefinitions.Hooks[1]:68 - Browser closed!
2023-06-22 10:47:59 INFO  com.sura.saucedemo.stepdefinitions.Hooks[1]:56 - Opening website https://www.saucedemo.com/
2023-06-22 10:48:01 INFO  com.sura.saucedemo.stepdefinitions.Hooks[1]:68 - Browser closed!
2023-06-22 11:43:33 INFO  com.sura.saucedemo.stepdefinitions.Hooks[1]:56 - Opening website https://www.saucedemo.com/
2023-06-22 11:43:35 INFO  com.sura.saucedemo.stepdefinitions.Hooks[1]:68 - Browser closed!
2023-06-22 11:47:26 INFO  com.sura.saucedemo.stepdefinitions.Hooks[1]:56 - Opening website https://www.saucedemo.com/
2023-06-22 11:47:28 INFO  com.sura.saucedemo.stepdefinitions.Hooks[1]:68 - Browser closed!
2023-06-22 13:28:47 INFO  com.sura.saucedemo.stepdefinitions.Hooks[1]:56 - Opening website https://www.saucedemo.com/
2023-06-22 13:28:50 INFO  com.sura.saucedemo.stepdefinitions.Hooks[1]:68 - Browser closed!
2023-06-22 13:30:01 INFO  com.sura.saucedemo.stepdefinitions.Hooks[1]:56 - Opening website https://www.saucedemo.com/
2023-06-22 13:30:04 INFO  com.sura.saucedemo.stepdefinitions.Hooks[1]:68 - Browser closed!
2023-06-22 13:39:40 INFO  com.sura.saucedemo.stepdefinitions.Hooks[1]:56 - Opening website https://www.saucedemo.com/
2023-06-22 13:39:43 INFO  com.sura.saucedemo.stepdefinitions.Hooks[1]:68 - Browser closed!
2023-06-22 13:42:05 INFO  com.sura.saucedemo.stepdefinitions.Hooks[1]:56 - Opening website https://www.saucedemo.com/
2023-06-22 13:42:07 INFO  com.sura.saucedemo.stepdefinitions.Hooks[1]:68 - Browser closed!
2023-06-22 13:51:01 INFO  com.sura.saucedemo.stepdefinitions.Hooks[1]:56 - Opening website https://www.saucedemo.com/
2023-06-22 13:51:04 INFO  com.sura.saucedemo.stepdefinitions.Hooks[1]:68 - Browser closed!
2023-06-22 13:58:10 INFO  com.sura.saucedemo.stepdefinitions.Hooks[1]:56 - Opening website https://www.saucedemo.com/
2023-06-22 13:58:13 INFO  com.sura.saucedemo.stepdefinitions.Hooks[1]:68 - Browser closed!
2023-06-22 13:58:34 INFO  com.sura.saucedemo.stepdefinitions.Hooks[1]:56 - Opening website https://www.saucedemo.com/
2023-06-22 13:58:36 INFO  com.sura.saucedemo.stepdefinitions.Hooks[1]:68 - Browser closed!
2023-06-22 13:58:54 INFO  com.sura.saucedemo.stepdefinitions.Hooks[1]:56 - Opening website https://www.saucedemo.com/
2023-06-22 13:58:57 INFO  com.sura.saucedemo.stepdefinitions.Hooks[1]:68 - Browser closed!
2023-06-22 16:45:02 INFO  com.sura.saucedemo.stepdefinitions.Hooks[1]:56 - Opening website https://www.saucedemo.com/
2023-06-22 16:45:02 ERROR PageIngreso[1]:57 - Column 'lastName' not found.
2023-06-22 16:45:03 INFO  com.sura.saucedemo.stepdefinitions.Hooks[1]:68 - Browser closed!
2023-06-22 16:46:12 INFO  com.sura.saucedemo.stepdefinitions.Hooks[1]:56 - Opening website https://www.saucedemo.com/
2023-06-22 16:46:14 INFO  com.sura.saucedemo.stepdefinitions.Hooks[1]:68 - Browser closed!
2023-06-22 16:46:26 INFO  com.sura.saucedemo.stepdefinitions.Hooks[1]:56 - Opening website https://www.saucedemo.com/
2023-06-22 16:46:27 ERROR PageIngreso[1]:57 - Column 'lastName' not found.
2023-06-22 16:46:27 INFO  com.sura.saucedemo.stepdefinitions.Hooks[1]:68 - Browser closed!
2023-06-22 16:50:52 INFO  com.sura.saucedemo.stepdefinitions.Hooks[1]:56 - Opening website https://www.saucedemo.com/
2023-06-22 16:50:53 ERROR PageIngreso[1]:57 - Column 'lastName' not found.
2023-06-22 16:55:46 INFO  com.sura.saucedemo.stepdefinitions.Hooks[1]:56 - Opening website https://www.saucedemo.com/
2023-06-22 16:55:48 INFO  com.sura.saucedemo.stepdefinitions.Hooks[1]:68 - Browser closed!
2023-06-22 16:56:28 INFO  com.sura.saucedemo.stepdefinitions.Hooks[1]:56 - Opening website https://www.saucedemo.com/
2023-06-22 16:56:30 INFO  com.sura.saucedemo.stepdefinitions.Hooks[1]:68 - Browser closed!
2023-06-22 16:56:41 INFO  com.sura.saucedemo.stepdefinitions.Hooks[1]:56 - Opening website https://www.saucedemo.com/
2023-06-22 16:56:43 INFO  com.sura.saucedemo.stepdefinitions.Hooks[1]:68 - Browser closed!
2023-06-22 16:56:54 INFO  com.sura.saucedemo.stepdefinitions.Hooks[1]:56 - Opening website https://www.saucedemo.com/
2023-06-22 16:56:57 INFO  com.sura.saucedemo.stepdefinitions.Hooks[1]:68 - Browser closed!
2023-06-22 17:16:09 INFO  com.sura.saucedemo.stepdefinitions.Hooks[1]:56 - Opening website https://www.saucedemo.com/
2023-06-22 17:16:12 INFO  com.sura.saucedemo.stepdefinitions.Hooks[1]:68 - Browser closed!
2023-06-22 17:17:03 INFO  com.sura.saucedemo.stepdefinitions.Hooks[1]:56 - Opening website https://www.saucedemo.com/
2023-06-22 17:20:53 INFO  com.sura.saucedemo.stepdefinitions.Hooks[1]:56 - Opening website https://www.saucedemo.com/
2023-06-22 17:20:56 INFO  com.sura.saucedemo.stepdefinitions.Hooks[1]:68 - Browser closed!
2023-06-22 17:24:24 INFO  com.sura.saucedemo.stepdefinitions.Hooks[1]:56 - Opening website https://www.saucedemo.com/
2023-06-22 17:24:27 INFO  com.sura.saucedemo.stepdefinitions.Hooks[1]:68 - Browser closed!
2023-06-22 17:25:30 INFO  com.sura.saucedemo.stepdefinitions.Hooks[1]:56 - Opening website https://www.saucedemo.com/
2023-06-22 17:25:33 INFO  com.sura.saucedemo.stepdefinitions.Hooks[1]:68 - Browser closed!
2023-06-22 18:32:19 INFO  com.sura.saucedemo.stepdefinitions.Hooks[1]:56 - Opening website https://www.saucedemo.com/
2023-06-22 18:32:23 INFO  com.sura.saucedemo.stepdefinitions.Hooks[1]:68 - Browser closed!
2023-06-22 18:32:46 INFO  com.sura.saucedemo.stepdefinitions.Hooks[1]:56 - Opening website https://www.saucedemo.com/
2023-06-22 18:33:13 INFO  com.sura.saucedemo.stepdefinitions.Hooks[1]:68 - Browser closed!
2023-06-22 18:35:21 INFO  com.sura.saucedemo.stepdefinitions.Hooks[1]:56 - Opening website https://www.saucedemo.com/
2023-06-22 18:35:24 INFO  com.sura.saucedemo.stepdefinitions.Hooks[1]:68 - Browser closed!
2023-06-22 18:59:38 INFO  com.sura.saucedemo.stepdefinitions.Hooks[1]:56 - Opening website https://www.saucedemo.com/
2023-06-22 18:59:42 INFO  com.sura.saucedemo.stepdefinitions.Hooks[1]:68 - Browser closed!
2023-06-22 19:04:49 INFO  com.sura.saucedemo.stepdefinitions.Hooks[1]:56 - Opening website https://www.saucedemo.com/
2023-06-22 19:04:51 INFO  com.sura.saucedemo.stepdefinitions.Hooks[1]:68 - Browser closed!
2023-06-22 19:04:57 INFO  com.sura.saucedemo.stepdefinitions.Hooks[1]:56 - Opening website https://www.saucedemo.com/
2023-06-22 19:04:59 INFO  com.sura.saucedemo.stepdefinitions.Hooks[1]:68 - Browser closed!
2023-06-22 19:05:04 INFO  com.sura.saucedemo.stepdefinitions.Hooks[1]:56 - Opening website https://www.saucedemo.com/
2023-06-22 19:05:06 INFO  com.sura.saucedemo.stepdefinitions.Hooks[1]:68 - Browser closed!
2023-06-22 19:05:12 INFO  com.sura.saucedemo.stepdefinitions.Hooks[1]:56 - Opening website https://www.saucedemo.com/
2023-06-22 19:05:14 INFO  com.sura.saucedemo.stepdefinitions.Hooks[1]:68 - Browser closed!
2023-06-22 19:05:20 INFO  com.sura.saucedemo.stepdefinitions.Hooks[1]:56 - Opening website https://www.saucedemo.com/
2023-06-22 19:05:22 INFO  com.sura.saucedemo.stepdefinitions.Hooks[1]:68 - Browser closed!
2023-06-22 19:06:35 INFO  com.sura.saucedemo.stepdefinitions.Hooks[1]:56 - Opening website https://www.saucedemo.com/
2023-06-22 19:06:38 INFO  com.sura.saucedemo.stepdefinitions.Hooks[1]:68 - Browser closed!
2023-06-22 19:26:55 INFO  com.sura.saucedemo.stepdefinitions.Hooks[1]:56 - Opening website https://www.saucedemo.com/
2023-06-22 19:26:58 INFO  com.sura.saucedemo.stepdefinitions.Hooks[1]:68 - Browser closed!
2023-06-22 19:27:42 INFO  com.sura.saucedemo.stepdefinitions.Hooks[1]:56 - Opening website https://www.saucedemo.com/
2023-06-22 19:27:44 INFO  com.sura.saucedemo.stepdefinitions.Hooks[1]:68 - Browser closed!
2023-06-22 19:27:57 INFO  com.sura.saucedemo.stepdefinitions.Hooks[1]:56 - Opening website https://www.saucedemo.com/
2023-06-22 19:27:59 INFO  com.sura.saucedemo.stepdefinitions.Hooks[1]:68 - Browser closed!
2023-06-22 19:28:14 INFO  com.sura.saucedemo.stepdefinitions.Hooks[1]:56 - Opening website https://www.saucedemo.com/
2023-06-22 19:28:16 INFO  com.sura.saucedemo.stepdefinitions.Hooks[1]:68 - Browser closed!
2023-06-22 19:28:27 INFO  com.sura.saucedemo.stepdefinitions.Hooks[1]:56 - Opening website https://www.saucedemo.com/
2023-06-22 19:28:30 INFO  com.sura.saucedemo.stepdefinitions.Hooks[1]:68 - Browser closed!
2023-06-22 19:29:51 INFO  com.sura.saucedemo.stepdefinitions.Hooks[1]:56 - Opening website https://www.saucedemo.com/
2023-06-22 19:29:53 INFO  com.sura.saucedemo.stepdefinitions.Hooks[1]:68 - Browser closed!
2023-06-22 19:29:59 INFO  com.sura.saucedemo.stepdefinitions.Hooks[1]:56 - Opening website https://www.saucedemo.com/
2023-06-22 19:30:00 INFO  com.sura.saucedemo.stepdefinitions.Hooks[1]:68 - Browser closed!
2023-06-22 19:30:06 INFO  com.sura.saucedemo.stepdefinitions.Hooks[1]:56 - Opening website https://www.saucedemo.com/
2023-06-22 19:30:07 INFO  com.sura.saucedemo.stepdefinitions.Hooks[1]:68 - Browser closed!
2023-06-22 19:30:13 INFO  com.sura.saucedemo.stepdefinitions.Hooks[1]:56 - Opening website https://www.saucedemo.com/
2023-06-22 19:30:16 INFO  com.sura.saucedemo.stepdefinitions.Hooks[1]:68 - Browser closed!
2023-06-22 19:30:21 INFO  com.sura.saucedemo.stepdefinitions.Hooks[1]:56 - Opening website https://www.saucedemo.com/
2023-06-22 19:30:24 INFO  com.sura.saucedemo.stepdefinitions.Hooks[1]:68 - Browser closed!
